<?xml version="1.0" encoding="UTF-8"?>
<!-- Generated by org.testng.reporters.JUnitXMLReporter -->
<testsuite ignored="0" hostname="LPT-1142" failures="1" tests="1" name="DemoTest" time="58.605" errors="0" timestamp="2022-07-07T15:43:26 IST">
  <testcase classname="com.sn.Testcases.ResolveInfoTest" name="ResolveIncident" time="23.576">
    <failure type="java.lang.AssertionError" message="expected [true] but found [false]">
      <![CDATA[java.lang.AssertionError: expected [true] but found [false]
at com.sn.Pages.ResolveInfo.ResolveIncident(ResolveInfo.java:197)
at com.sn.Testcases.ResolveInfoTest.ResolveIncident(ResolveInfoTest.java:78)
at java.base/java.util.ArrayList.forEach(ArrayList.java:1511)
... Removed 33 stack frames]]>
    </failure>
  </testcase> <!-- ResolveIncident -->
</testsuite> <!-- DemoTest -->
