<?xml version="1.0" encoding="UTF-8"?>
<!-- Generated by org.testng.reporters.JUnitXMLReporter -->
<testsuite ignored="0" hostname="LPT-1142" failures="1" tests="1" name="Test" time="30.272" errors="0" timestamp="2022-07-07T15:53:48 IST">
  <testcase classname="com.sn.Testcases.CreateVIPIncidentTest" name="createVIPIncident" time="8.264">
    <failure type="junit.framework.AssertionFailedError" message="expected:&amp;lt;false&amp;gt; but was:&amp;lt;true&amp;gt;">
      <![CDATA[junit.framework.AssertionFailedError: expected:<false> but was:<true>
at junit.framework.Assert.fail(Assert.java:47)
at junit.framework.Assert.failNotEquals(Assert.java:282)
at junit.framework.Assert.assertEquals(Assert.java:64)
at junit.framework.Assert.assertEquals(Assert.java:149)
at junit.framework.Assert.assertEquals(Assert.java:155)
at com.sn.Pages.CreateVIPIncident.VIPIncident(CreateVIPIncident.java:117)
at com.sn.Testcases.CreateVIPIncidentTest.createVIPIncident(CreateVIPIncidentTest.java:52)
at java.base/java.util.ArrayList.forEach(ArrayList.java:1511)
... Removed 27 stack frames]]>
    </failure>
  </testcase> <!-- createVIPIncident -->
</testsuite> <!-- Test -->
