<?xml version="1.0" encoding="UTF-8"?>
<!-- Generated by org.testng.reporters.JUnitXMLReporter -->
<testsuite ignored="0" hostname="LPT-1142" failures="1" tests="1" name="Testcheck" time="29.308" errors="0" timestamp="2022-07-07T15:14:12 IST">
  <testcase classname="com.sn.Testcases.ChildIncidentTest" name="createchildincident" time="6.943">
    <failure type="junit.framework.AssertionFailedError" message="expected:&amp;lt;false&amp;gt; but was:&amp;lt;true&amp;gt;">
      <![CDATA[junit.framework.AssertionFailedError: expected:<false> but was:<true>
at junit.framework.Assert.fail(Assert.java:47)
at junit.framework.Assert.failNotEquals(Assert.java:282)
at junit.framework.Assert.assertEquals(Assert.java:64)
at junit.framework.Assert.assertEquals(Assert.java:149)
at junit.framework.Assert.assertEquals(Assert.java:155)
at com.sn.Pages.IncidentCreate.CreateNewIncident(IncidentCreate.java:104)
at com.sn.Testcases.ChildIncidentTest.createchildincident(ChildIncidentTest.java:66)
at java.base/java.util.ArrayList.forEach(ArrayList.java:1511)
... Removed 27 stack frames]]>
    </failure>
  </testcase> <!-- createchildincident -->
</testsuite> <!-- Testcheck -->
