<?xml version="1.0" encoding="UTF-8"?>
<testng-results ignored="0" total="1" passed="1" failed="0" skipped="0">
  <reporter-output>
  </reporter-output>
  <suite started-at="2022-05-03T17:10:41 IST" name="Default suite" finished-at="2022-05-03T17:11:23 IST" duration-ms="41907">
    <groups>
    </groups>
    <test started-at="2022-05-03T17:10:41 IST" name="Default test" finished-at="2022-05-03T17:11:23 IST" duration-ms="41907">
      <class name="com.sn.Testcases.LoginTest">
        <test-method is-config="true" signature="setup()[pri:0, instance:com.sn.Testcases.LoginTest@58695725]" started-at="2022-05-03T17:10:41 IST" name="setup" finished-at="2022-05-03T17:11:05 IST" duration-ms="23899" status="PASS">
          <reporter-output>
          </reporter-output>
        </test-method> <!-- setup -->
        <test-method signature="loginTest()[pri:0, instance:com.sn.Testcases.LoginTest@58695725]" started-at="2022-05-03T17:11:05 IST" name="loginTest" finished-at="2022-05-03T17:11:17 IST" duration-ms="11480" status="PASS">
          <reporter-output>
          </reporter-output>
        </test-method> <!-- loginTest -->
        <test-method is-config="true" signature="teardown()[pri:0, instance:com.sn.Testcases.LoginTest@58695725]" started-at="2022-05-03T17:11:17 IST" name="teardown" finished-at="2022-05-03T17:11:23 IST" duration-ms="6050" status="PASS">
          <reporter-output>
          </reporter-output>
        </test-method> <!-- teardown -->
      </class> <!-- com.sn.Testcases.LoginTest -->
    </test> <!-- Default test -->
  </suite> <!-- Default suite -->
</testng-results>
