<?xml version="1.0" encoding="UTF-8"?>
<testng-results ignored="0" total="1" passed="1" failed="0" skipped="0">
  <reporter-output>
  </reporter-output>
  <suite started-at="2022-05-20T10:29:43 IST" name="DemoSuite" finished-at="2022-05-20T10:31:00 IST" duration-ms="76527">
    <groups>
    </groups>
    <test started-at="2022-05-20T10:29:43 IST" name="DemoTest" finished-at="2022-05-20T10:31:00 IST" duration-ms="76527">
      <class name="com.sn.Testcases.ResolveInfoTest">
        <test-method is-config="true" signature="setup()[pri:0, instance:com.sn.Testcases.ResolveInfoTest@183ec003]" started-at="2022-05-20T10:29:46 IST" name="setup" finished-at="2022-05-20T10:30:35 IST" duration-ms="49814" status="PASS">
          <reporter-output>
          </reporter-output>
        </test-method> <!-- setup -->
        <test-method signature="ResolveIncident(java.lang.String,java.lang.String,java.lang.String)[pri:0, instance:com.sn.Testcases.ResolveInfoTest@183ec003]" started-at="2022-05-20T10:30:35 IST" name="ResolveIncident" data-provider="ResolveIncidents" finished-at="2022-05-20T10:30:59 IST" duration-ms="23510" status="PASS">
          <params>
            <param index="0">
              <value>
                <![CDATA[Abraham Lincoln]]>
              </value>
            </param>
            <param index="1">
              <value>
                <![CDATA[DATABASE Email not working]]>
              </value>
            </param>
            <param index="2">
              <value>
                <![CDATA[Issue is resolved]]>
              </value>
            </param>
          </params>
          <reporter-output>
          </reporter-output>
        </test-method> <!-- ResolveIncident -->
        <test-method is-config="true" signature="teardown()[pri:0, instance:com.sn.Testcases.ResolveInfoTest@183ec003]" started-at="2022-05-20T10:30:59 IST" name="teardown" finished-at="2022-05-20T10:31:00 IST" duration-ms="511" status="PASS">
          <reporter-output>
          </reporter-output>
        </test-method> <!-- teardown -->
      </class> <!-- com.sn.Testcases.ResolveInfoTest -->
    </test> <!-- DemoTest -->
  </suite> <!-- DemoSuite -->
</testng-results>
